9/26/2016 12:18:51 PM にビルドを開始しました。
     1>ノード 2 上のプロジェクト "C:\Users\yuki.tsuneyama\Desktop\TSFrameWork\TSFrameWork\TSFrameWork\TSFrameWork\TSFrameWork.vcxproj" (Build ターゲット)。
     1>ClCompile:
         C:\Program Files (x86)\Microsoft Visual Studio 12.0\VC\bin\CL.exe /c /ZI /nologo /W3 /WX- /sdl /Od /Oy- /D _TS_DEBUG /D _MBCS /Gm /EHsc /RTC1 /MDd /GS /fp:precise /Zc:wchar_t /Zc:forScope /Fo"Debug\\" /Fd"Debug\vc120.pdb" /Gd /TP /analyze- /errorReport:prompt Source\TSUT\TsLogger.cpp Source\TsCore\TsApplicationBase.cpp Source\TsGfx\Light\TsLight.cpp Source\TsGfx\Material\TsLambertMatrial.cpp Source\TsGfx\Material\TsMaterial.cpp Source\TsGfx\Mesh\TsMeshFactory.cpp Source\TsGfx\TsCBuffer.cpp Source\TsGfx\TsCamera.cpp Source\TsGfx\TsDepthStencil.cpp Source\TsGfx\TsDevice.cpp Source\TsGfx\TsDeviceContext.cpp Source\TsGfx\TsDirectXTex.cpp Source\TsGfx\TsDrawObject.cpp Source\TsGfx\TsDrawQueue.cpp Source\TsGfx\TsGeometryObject.cpp Source\TsGfx\TsMesh.cpp Source\TsGfx\TsRenderFlow.cpp Source\TsGfx\TsRenderPass.cpp Source\TsGfx\TsRenderSystem.cpp Source\TsGfx\TsRenderTarget.cpp Source\TsGfx\TsScreenObject.cpp Source\TsGfx\TsShader.cpp Source\TsGfx\TsShaderEffect.cpp Source\TsGfx\TsShaderTechnique.cpp Source\TsGfx\TsTransformCBuffer.cpp Source\TsGfx\TsVertexBuffer.cpp Source\TsGfx\TsViewport.cpp Source\TsMath\TsLisPSM.cpp Source\TsMath\TsMathUTility.cpp Source\TsMath\TsMatrix.cpp Source\TsMath\TsQuaternion.cpp Source\TsMath\TsTransForm.cpp Source\TsMath\TsVector2.cpp Source\TsMath\TsVector3.cpp Source\TsMath\TsVector4.cpp Source\TsOS\TsWindowsUtility.cpp Source\TsUT\TsAlloc.cpp Source\TsUT\TsBinaryFile.cpp Source\TsUT\TsColladaLoader.cpp Source\TsUT\TsFileUT.cpp Source\TsUT\TsHDRTextureAnalizer.cpp Source\TsUT\TsMqoLoader.cpp Source\TsUT\TsXLoader.cpp Source\TsUT\TsXML.cpp TSWinEntryPoint.cpp
         TsRenderSystem.cpp
         コードを生成中...
     1>c:\users\yuki.tsuneyama\desktop\tsframework\tsframework\tsframework\tsframework\source\tsgfx\tsrendersystem.cpp(87): error C4716: 'TsRenderSystem::LoadShaderResourceFromXML' : 値を返さなければいけません
         コンパイル中...
         TSWinEntryPoint.cpp
     1>c:\users\yuki.tsuneyama\desktop\tsframework\tsframework\tsframework\tsframework\tswinentrypoint.cpp(16): warning C4101: 'mgr' : ローカル変数は 1 度も使われていません。
         TsXML.cpp
         TsXLoader.cpp
         TsMqoLoader.cpp
         TsHDRTextureAnalizer.cpp
         TsFileUT.cpp
         TsColladaLoader.cpp
         TsBinaryFile.cpp
         TsAlloc.cpp
         TsWindowsUtility.cpp
         TsVector4.cpp
         TsVector3.cpp
         TsVector2.cpp
         TsTransForm.cpp
         TsQuaternion.cpp
         TsMatrix.cpp
         TsMathUTility.cpp
         TsLisPSM.cpp
         TsViewport.cpp
         TsVertexBuffer.cpp
         コードを生成中...
         コンパイル中...
         TsTransformCBuffer.cpp
         TsShaderTechnique.cpp
         TsShaderEffect.cpp
         TsShader.cpp
         TsScreenObject.cpp
         TsRenderTarget.cpp
         TsRenderPass.cpp
         TsRenderFlow.cpp
         TsMesh.cpp
         TsGeometryObject.cpp
         TsDrawQueue.cpp
         TsDrawObject.cpp
         TsDirectXTex.cpp
         TsDeviceContext.cpp
         TsDevice.cpp
         TsDepthStencil.cpp
         TsCamera.cpp
         TsCBuffer.cpp
         TsMeshFactory.cpp
         TsMaterial.cpp
     1>c:\users\yuki.tsuneyama\desktop\tsframework\tsframework\tsframework\tsframework\source\tsgfx\material\tsmaterial.cpp(36): error C2248: 'TsNameObject::m_name' : private メンバー (クラス 'TsNameObject' で宣言されている) にアクセスできません。
                 c:\users\yuki.tsuneyama\desktop\tsframework\tsframework\tsframework\tsframework\source\tsut\tsnameobject.h(13) : 'TsNameObject::m_name' の宣言を確認してください。
                 c:\users\yuki.tsuneyama\desktop\tsframework\tsframework\tsframework\tsframework\source\tsut\tsnameobject.h(4) : 'TsNameObject' の宣言を確認してください。
         コードを生成中...
         コンパイル中...
         TsLambertMatrial.cpp
         TsLight.cpp
         TsApplicationBase.cpp
         TsLogger.cpp
         コードを生成中...
     1>プロジェクト "C:\Users\yuki.tsuneyama\Desktop\TSFrameWork\TSFrameWork\TSFrameWork\TSFrameWork\TSFrameWork.vcxproj" (Build ターゲット) のビルドが終了しました -- 失敗。

ビルドに失敗しました。

経過時間 00:00:53.07
